<?xml version="1.0" encoding="utf-8"?><testsuites name="pytest tests"><testsuite name="pytest" errors="0" failures="0" skipped="0" tests="24" time="5.634" timestamp="2026-03-23T18:41:25.391263+00:00" hostname="agent-env-f97f4246-6181-4f41-8bac-0ea3d43400c8"><testcase classname="backend.tests.test_multicamera.TestCamerasEndpoint" name="test_cameras_returns_200" time="0.237" /><testcase classname="backend.tests.test_multicamera.TestCamerasEndpoint" name="test_cameras_returns_array" time="0.116" /><testcase classname="backend.tests.test_multicamera.TestCamerasEndpoint" name="test_cameras_has_two_slots" time="0.131" /><testcase classname="backend.tests.test_multicamera.TestCamerasEndpoint" name="test_cameras_primary_slot_exists" time="0.127" /><testcase classname="backend.tests.test_multicamera.TestCamerasEndpoint" name="test_cameras_secondary_slot_exists" time="0.156" /><testcase classname="backend.tests.test_multicamera.TestCamerasEndpoint" name="test_cameras_primary_metadata" time="0.122" /><testcase classname="backend.tests.test_multicamera.TestCamerasEndpoint" name="test_cameras_secondary_metadata" time="0.116" /><testcase classname="backend.tests.test_multicamera.TestSecondaryCameraStats" name="test_secondary_stats_returns_200" time="0.164" /><testcase classname="backend.tests.test_multicamera.TestSecondaryCameraStats" name="test_secondary_stats_structure" time="0.149" /><testcase classname="backend.tests.test_multicamera.TestSecondaryCameraStats" name="test_secondary_stats_thermal_type" time="0.108" /><testcase classname="backend.tests.test_multicamera.TestSecondaryCameraCapture" name="test_capture_returns_200" time="0.107" /><testcase classname="backend.tests.test_multicamera.TestSecondaryCameraCapture" name="test_capture_returns_success" time="0.120" /><testcase classname="backend.tests.test_multicamera.TestSecondaryCameraCapture" name="test_capture_increments_frame_count" time="0.465" /><testcase classname="backend.tests.test_multicamera.TestSecondaryCameraCapture" name="test_capture_sets_active_flag" time="0.278" /><testcase classname="backend.tests.test_multicamera.TestSecondaryCameraFrame" name="test_frame_returns_200_after_capture" time="0.377" /><testcase classname="backend.tests.test_multicamera.TestSecondaryCameraFrame" name="test_frame_returns_png" time="0.353" /><testcase classname="backend.tests.test_multicamera.TestSecondaryCameraFrame" name="test_frame_has_valid_png_header" time="0.381" /><testcase classname="backend.tests.test_multicamera.TestSecondaryCameraFrame" name="test_frame_has_frame_id_header" time="0.416" /><testcase classname="backend.tests.test_multicamera.TestPrimaryCameraBackwardCompatibility" name="test_camera_endpoint_still_works" time="0.135" /><testcase classname="backend.tests.test_multicamera.TestPrimaryCameraBackwardCompatibility" name="test_camera_frame_endpoint_still_works" time="0.115" /><testcase classname="backend.tests.test_multicamera.TestWebSocketCamerasPayload" name="test_cameras_in_telemetry_via_rest" time="0.266" /><testcase classname="backend.tests.test_multicamera.TestMultiCameraIntegration" name="test_both_cameras_can_be_queried" time="0.315" /><testcase classname="backend.tests.test_multicamera.TestMultiCameraIntegration" name="test_thermal_capture_workflow" time="0.515" /><testcase classname="backend.tests.test_multicamera.TestMultiCameraIntegration" name="test_primary_vo_still_works_with_secondary" time="0.224" /></testsuite></testsuites>