<?xml version="1.0" encoding="utf-8"?><testsuites name="pytest tests"><testsuite name="pytest" errors="0" failures="0" skipped="0" tests="77" time="10.187" timestamp="2026-03-14T14:18:40.041817+00:00" hostname="agent-env-995ec9a0-f471-45b2-b618-f90aaaff4516"><testcase classname="backend.tests.test_jtzero_api.TestHealthEndpoint" name="test_health_status_ok" time="0.141" /><testcase classname="backend.tests.test_jtzero_api.TestHealthEndpoint" name="test_health_runtime_mode" time="0.106" /><testcase classname="backend.tests.test_jtzero_api.TestHealthEndpoint" name="test_health_build_info" time="0.105" /><testcase classname="backend.tests.test_jtzero_api.TestStateEndpoint" name="test_state_returns_200" time="0.103" /><testcase classname="backend.tests.test_jtzero_api.TestStateEndpoint" name="test_state_flight_mode" time="0.111" /><testcase classname="backend.tests.test_jtzero_api.TestStateEndpoint" name="test_state_attitude" time="0.109" /><testcase classname="backend.tests.test_jtzero_api.TestStateEndpoint" name="test_state_altitude" time="0.128" /><testcase classname="backend.tests.test_jtzero_api.TestStateEndpoint" name="test_state_battery" time="0.124" /><testcase classname="backend.tests.test_jtzero_api.TestStateEndpoint" name="test_state_imu_sensor" time="0.107" /><testcase classname="backend.tests.test_jtzero_api.TestStateEndpoint" name="test_state_gps_sensor" time="0.096" /><testcase classname="backend.tests.test_jtzero_api.TestStateEndpoint" name="test_state_barometer" time="0.105" /><testcase classname="backend.tests.test_jtzero_api.TestTelemetryEndpoint" name="test_telemetry_returns_200" time="0.100" /><testcase classname="backend.tests.test_jtzero_api.TestTelemetryEndpoint" name="test_telemetry_state" time="0.104" /><testcase classname="backend.tests.test_jtzero_api.TestTelemetryEndpoint" name="test_telemetry_threads" time="0.098" /><testcase classname="backend.tests.test_jtzero_api.TestTelemetryEndpoint" name="test_telemetry_engines" time="0.112" /><testcase classname="backend.tests.test_jtzero_api.TestEventsEndpoint" name="test_events_returns_200" time="0.116" /><testcase classname="backend.tests.test_jtzero_api.TestEventsEndpoint" name="test_events_returns_array" time="0.092" /><testcase classname="backend.tests.test_jtzero_api.TestEventsEndpoint" name="test_events_structure" time="0.126" /><testcase classname="backend.tests.test_jtzero_api.TestEventsEndpoint" name="test_events_count_param" time="0.113" /><testcase classname="backend.tests.test_jtzero_api.TestCameraEndpoint" name="test_camera_returns_200" time="0.105" /><testcase classname="backend.tests.test_jtzero_api.TestCameraEndpoint" name="test_camera_basic_stats" time="0.110" /><testcase classname="backend.tests.test_jtzero_api.TestCameraEndpoint" name="test_camera_visual_odometry" time="0.107" /><testcase classname="backend.tests.test_jtzero_api.TestCameraEndpoint" name="test_camera_vo_displacement_nonzero" time="0.600" /><testcase classname="backend.tests.test_jtzero_api.TestThreadCount" name="test_all_8_threads_running" time="0.103" /><testcase classname="backend.tests.test_jtzero_api.TestMavlinkEndpoint" name="test_mavlink_returns_200" time="0.114" /><testcase classname="backend.tests.test_jtzero_api.TestMavlinkEndpoint" name="test_mavlink_state" time="0.099" /><testcase classname="backend.tests.test_jtzero_api.TestMavlinkEndpoint" name="test_mavlink_message_counters" time="0.100" /><testcase classname="backend.tests.test_jtzero_api.TestMavlinkEndpoint" name="test_mavlink_fc_info" time="0.105" /><testcase classname="backend.tests.test_jtzero_api.TestPerformanceEndpoint" name="test_performance_returns_200" time="0.108" /><testcase classname="backend.tests.test_jtzero_api.TestPerformanceEndpoint" name="test_performance_has_engine_and_system_keys" time="0.105" /><testcase classname="backend.tests.test_jtzero_api.TestPerformanceEndpoint" name="test_performance_engine_has_cpu_metrics" time="0.100" /><testcase classname="backend.tests.test_jtzero_api.TestPerformanceEndpoint" name="test_performance_engine_has_memory" time="0.103" /><testcase classname="backend.tests.test_jtzero_api.TestPerformanceEndpoint" name="test_performance_engine_has_latency" time="0.108" /><testcase classname="backend.tests.test_jtzero_api.TestPerformanceEndpoint" name="test_performance_system_cpu_metrics" time="0.113" /><testcase classname="backend.tests.test_jtzero_api.TestPerformanceEndpoint" name="test_performance_system_memory_metrics" time="0.112" /><testcase classname="backend.tests.test_jtzero_api.TestPerformanceEndpoint" name="test_performance_system_disk_metrics" time="0.108" /><testcase classname="backend.tests.test_jtzero_api.TestPerformanceEndpoint" name="test_performance_system_network_metrics" time="0.105" /><testcase classname="backend.tests.test_jtzero_api.TestPerformanceEndpoint" name="test_performance_system_temperature" time="0.113" /><testcase classname="backend.tests.test_jtzero_api.TestPerformanceEndpoint" name="test_performance_system_process_info" time="0.112" /><testcase classname="backend.tests.test_jtzero_api.TestPerformanceEndpoint" name="test_performance_system_histories" time="0.117" /><testcase classname="backend.tests.test_jtzero_api.TestSimulatorConfigEndpoint" name="test_sim_config_get_returns_200" time="0.102" /><testcase classname="backend.tests.test_jtzero_api.TestSimulatorConfigEndpoint" name="test_sim_config_get_structure" time="0.113" /><testcase classname="backend.tests.test_jtzero_api.TestSimulatorConfigEndpoint" name="test_sim_config_post_updates" time="0.326" /><testcase classname="backend.tests.test_jtzero_api.TestCommandEndpoint" name="test_command_arm" time="0.196" /><testcase classname="backend.tests.test_jtzero_api.TestCommandEndpoint" name="test_command_disarm" time="0.100" /><testcase classname="backend.tests.test_jtzero_api.TestCommandEndpoint" name="test_command_takeoff" time="0.723" /><testcase classname="backend.tests.test_jtzero_api.TestCommandEndpoint" name="test_command_land" time="0.107" /><testcase classname="backend.tests.test_jtzero_api.TestThreadsAndEnginesEndpoints" name="test_threads_returns_200" time="0.094" /><testcase classname="backend.tests.test_jtzero_api.TestThreadsAndEnginesEndpoints" name="test_threads_structure" time="0.117" /><testcase classname="backend.tests.test_jtzero_api.TestThreadsAndEnginesEndpoints" name="test_engines_returns_200" time="0.098" /><testcase classname="backend.tests.test_jtzero_api.TestThreadsAndEnginesEndpoints" name="test_engines_structure" time="0.126" /><testcase classname="backend.tests.test_jtzero_api.TestEventDeduplication" name="test_events_have_dedup_count_suffix" time="0.101" /><testcase classname="backend.tests.test_jtzero_api.TestEventDeduplication" name="test_events_imu_update_filtered" time="0.108" /><testcase classname="backend.tests.test_jtzero_api.TestEventDeduplication" name="test_events_sys_heartbeat_filtered" time="0.121" /><testcase classname="backend.tests.test_jtzero_api.TestDiagnosticsEndpoint" name="test_diagnostics_returns_200" time="0.108" /><testcase classname="backend.tests.test_jtzero_api.TestDiagnosticsEndpoint" name="test_diagnostics_has_summary" time="0.107" /><testcase classname="backend.tests.test_jtzero_api.TestDiagnosticsEndpoint" name="test_diagnostics_has_platform" time="0.101" /><testcase classname="backend.tests.test_jtzero_api.TestDiagnosticsEndpoint" name="test_diagnostics_has_camera" time="0.113" /><testcase classname="backend.tests.test_jtzero_api.TestDiagnosticsEndpoint" name="test_diagnostics_has_i2c" time="0.104" /><testcase classname="backend.tests.test_jtzero_api.TestDiagnosticsEndpoint" name="test_diagnostics_has_spi" time="0.111" /><testcase classname="backend.tests.test_jtzero_api.TestDiagnosticsEndpoint" name="test_diagnostics_has_uart" time="0.104" /><testcase classname="backend.tests.test_jtzero_api.TestDiagnosticsEndpoint" name="test_diagnostics_has_gpio" time="0.101" /><testcase classname="backend.tests.test_jtzero_api.TestDiagnosticsEndpoint" name="test_diagnostics_has_mavlink" time="0.122" /><testcase classname="backend.tests.test_jtzero_api.TestDiagnosticsEndpoint" name="test_diagnostics_has_metadata" time="0.110" /><testcase classname="backend.tests.test_jtzero_api.TestDiagnosticsScanEndpoint" name="test_diagnostics_scan_returns_200" time="0.138" /><testcase classname="backend.tests.test_jtzero_api.TestDiagnosticsScanEndpoint" name="test_diagnostics_scan_returns_fresh_results" time="0.319" /><testcase classname="backend.tests.test_jtzero_api.TestSensorsEndpoint" name="test_sensors_returns_200" time="0.125" /><testcase classname="backend.tests.test_jtzero_api.TestSensorsEndpoint" name="test_sensors_has_all_sensor_keys" time="0.104" /><testcase classname="backend.tests.test_jtzero_api.TestSensorsEndpoint" name="test_sensors_mode_values" time="0.102" /><testcase classname="backend.tests.test_jtzero_api.TestSensorsEndpoint" name="test_sensors_hw_info_sub_object" time="0.134" /><testcase classname="backend.tests.test_jtzero_api.TestSensorsEndpoint" name="test_sensors_hw_info_boolean_types" time="0.124" /><testcase classname="backend.tests.test_jtzero_api.TestSensorsEndpoint" name="test_sensors_hw_info_model_strings" time="0.120" /><testcase classname="backend.tests.test_jtzero_api.TestHardwareEndpoint" name="test_hardware_returns_200" time="0.117" /><testcase classname="backend.tests.test_jtzero_api.TestHardwareEndpoint" name="test_hardware_bus_availability" time="0.120" /><testcase classname="backend.tests.test_jtzero_api.TestHardwareEndpoint" name="test_hardware_sensors_object_structure" time="0.111" /><testcase classname="backend.tests.test_jtzero_api.TestHardwareEndpoint" name="test_hardware_sensor_entry_fields" time="0.128" /><testcase classname="backend.tests.test_jtzero_api.TestHardwareEndpoint" name="test_hardware_auto_detect_ran" time="0.107" /></testsuite></testsuites>