<?xml version="1.0" encoding="utf-8"?><testsuites name="pytest tests"><testsuite name="pytest" errors="0" failures="0" skipped="0" tests="41" time="5.745" timestamp="2026-03-08T18:53:02.670871+00:00" hostname="agent-env-9dd4ec21-f2de-4ed3-bc76-045bb3536b0d"><testcase classname="tests.test_jtzero_api.TestHealthEndpoint" name="test_health_status_ok" time="0.169" /><testcase classname="tests.test_jtzero_api.TestHealthEndpoint" name="test_health_runtime_mode" time="0.107" /><testcase classname="tests.test_jtzero_api.TestHealthEndpoint" name="test_health_build_info" time="0.155" /><testcase classname="tests.test_jtzero_api.TestStateEndpoint" name="test_state_returns_200" time="0.114" /><testcase classname="tests.test_jtzero_api.TestStateEndpoint" name="test_state_flight_mode" time="0.113" /><testcase classname="tests.test_jtzero_api.TestStateEndpoint" name="test_state_attitude" time="0.103" /><testcase classname="tests.test_jtzero_api.TestStateEndpoint" name="test_state_altitude" time="0.129" /><testcase classname="tests.test_jtzero_api.TestStateEndpoint" name="test_state_battery" time="0.097" /><testcase classname="tests.test_jtzero_api.TestStateEndpoint" name="test_state_imu_sensor" time="0.100" /><testcase classname="tests.test_jtzero_api.TestStateEndpoint" name="test_state_gps_sensor" time="0.132" /><testcase classname="tests.test_jtzero_api.TestStateEndpoint" name="test_state_barometer" time="0.108" /><testcase classname="tests.test_jtzero_api.TestTelemetryEndpoint" name="test_telemetry_returns_200" time="0.103" /><testcase classname="tests.test_jtzero_api.TestTelemetryEndpoint" name="test_telemetry_state" time="0.116" /><testcase classname="tests.test_jtzero_api.TestTelemetryEndpoint" name="test_telemetry_threads" time="0.102" /><testcase classname="tests.test_jtzero_api.TestTelemetryEndpoint" name="test_telemetry_engines" time="0.133" /><testcase classname="tests.test_jtzero_api.TestEventsEndpoint" name="test_events_returns_200" time="0.102" /><testcase classname="tests.test_jtzero_api.TestEventsEndpoint" name="test_events_returns_array" time="0.100" /><testcase classname="tests.test_jtzero_api.TestEventsEndpoint" name="test_events_structure" time="0.101" /><testcase classname="tests.test_jtzero_api.TestEventsEndpoint" name="test_events_count_param" time="0.128" /><testcase classname="tests.test_jtzero_api.TestCameraEndpoint" name="test_camera_returns_200" time="0.117" /><testcase classname="tests.test_jtzero_api.TestCameraEndpoint" name="test_camera_basic_stats" time="0.167" /><testcase classname="tests.test_jtzero_api.TestCameraEndpoint" name="test_camera_visual_odometry" time="0.130" /><testcase classname="tests.test_jtzero_api.TestMavlinkEndpoint" name="test_mavlink_returns_200" time="0.099" /><testcase classname="tests.test_jtzero_api.TestMavlinkEndpoint" name="test_mavlink_state" time="0.118" /><testcase classname="tests.test_jtzero_api.TestMavlinkEndpoint" name="test_mavlink_message_counters" time="0.101" /><testcase classname="tests.test_jtzero_api.TestMavlinkEndpoint" name="test_mavlink_fc_info" time="0.099" /><testcase classname="tests.test_jtzero_api.TestPerformanceEndpoint" name="test_performance_returns_200" time="0.110" /><testcase classname="tests.test_jtzero_api.TestPerformanceEndpoint" name="test_performance_cpu_metrics" time="0.109" /><testcase classname="tests.test_jtzero_api.TestPerformanceEndpoint" name="test_performance_memory_metrics" time="0.120" /><testcase classname="tests.test_jtzero_api.TestPerformanceEndpoint" name="test_performance_latency_metrics" time="0.111" /><testcase classname="tests.test_jtzero_api.TestSimulatorConfigEndpoint" name="test_sim_config_get_returns_200" time="0.097" /><testcase classname="tests.test_jtzero_api.TestSimulatorConfigEndpoint" name="test_sim_config_get_structure" time="0.092" /><testcase classname="tests.test_jtzero_api.TestSimulatorConfigEndpoint" name="test_sim_config_post_updates" time="0.326" /><testcase classname="tests.test_jtzero_api.TestCommandEndpoint" name="test_command_arm" time="0.199" /><testcase classname="tests.test_jtzero_api.TestCommandEndpoint" name="test_command_disarm" time="0.103" /><testcase classname="tests.test_jtzero_api.TestCommandEndpoint" name="test_command_takeoff" time="0.722" /><testcase classname="tests.test_jtzero_api.TestCommandEndpoint" name="test_command_land" time="0.137" /><testcase classname="tests.test_jtzero_api.TestThreadsAndEnginesEndpoints" name="test_threads_returns_200" time="0.099" /><testcase classname="tests.test_jtzero_api.TestThreadsAndEnginesEndpoints" name="test_threads_structure" time="0.115" /><testcase classname="tests.test_jtzero_api.TestThreadsAndEnginesEndpoints" name="test_engines_returns_200" time="0.113" /><testcase classname="tests.test_jtzero_api.TestThreadsAndEnginesEndpoints" name="test_engines_structure" time="0.110" /></testsuite></testsuites>