<?xml version="1.0" encoding="utf-8"?><testsuites name="pytest tests"><testsuite name="pytest" errors="0" failures="0" skipped="0" tests="24" time="4.353" timestamp="2026-03-14T22:44:55.071632+00:00" hostname="agent-env-fe6a4cee-b09d-48a7-83f2-2a638f634f40"><testcase classname="tests.test_vo_features.TestVOProfiles" name="test_vo_profiles_returns_200" time="0.214" /><testcase classname="tests.test_vo_features.TestVOProfiles" name="test_vo_profiles_returns_list" time="0.162" /><testcase classname="tests.test_vo_features.TestVOProfiles" name="test_vo_profiles_count_is_three" time="0.129" /><testcase classname="tests.test_vo_features.TestVOProfiles" name="test_vo_profiles_has_required_fields" time="0.146" /><testcase classname="tests.test_vo_features.TestVOProfiles" name="test_vo_profile_pi_zero_2w" time="0.121" /><testcase classname="tests.test_vo_features.TestVOProfiles" name="test_vo_profile_pi_4" time="0.152" /><testcase classname="tests.test_vo_features.TestVOProfiles" name="test_vo_profile_pi_5" time="0.129" /><testcase classname="tests.test_vo_features.TestVOProfiles" name="test_set_vo_profile_0" time="0.140" /><testcase classname="tests.test_vo_features.TestVOProfiles" name="test_set_vo_profile_1" time="0.155" /><testcase classname="tests.test_vo_features.TestVOProfiles" name="test_set_vo_profile_2" time="0.124" /><testcase classname="tests.test_vo_features.TestVOProfiles" name="test_profile_change_reflects_in_camera" time="0.914" /><testcase classname="tests.test_vo_features.TestCameraAdaptiveFields" name="test_camera_has_active_profile" time="0.156" /><testcase classname="tests.test_vo_features.TestCameraAdaptiveFields" name="test_camera_has_profile_name" time="0.133" /><testcase classname="tests.test_vo_features.TestCameraAdaptiveFields" name="test_camera_has_altitude_zone" time="0.189" /><testcase classname="tests.test_vo_features.TestCameraAdaptiveFields" name="test_camera_has_altitude_zone_name" time="0.152" /><testcase classname="tests.test_vo_features.TestCameraAdaptiveFields" name="test_camera_has_adaptive_fast_thresh" time="0.150" /><testcase classname="tests.test_vo_features.TestCameraAdaptiveFields" name="test_camera_has_adaptive_lk_window" time="0.124" /><testcase classname="tests.test_vo_features.TestCameraHoverFields" name="test_camera_has_hover_detected" time="0.121" /><testcase classname="tests.test_vo_features.TestCameraHoverFields" name="test_camera_has_hover_duration" time="0.124" /><testcase classname="tests.test_vo_features.TestCameraHoverFields" name="test_camera_has_yaw_drift_rate" time="0.133" /><testcase classname="tests.test_vo_features.TestCameraHoverFields" name="test_camera_has_corrected_yaw" time="0.156" /><testcase classname="tests.test_vo_features.TestCameraAllNewFields" name="test_camera_all_new_vo_fields_present" time="0.129" /><testcase classname="tests.test_vo_features.TestCameraAllNewFields" name="test_camera_data_types_correct" time="0.126" /><testcase classname="tests.test_vo_features.TestWebSocketTelemetryNewFields" name="test_camera_fields_accessible_via_rest" time="0.141" /></testsuite></testsuites>