<?xml version="1.0" encoding="utf-8"?><testsuites name="pytest tests"><testsuite name="pytest" errors="0" failures="0" skipped="0" tests="48" time="8.453" timestamp="2026-03-11T22:44:43.671326+00:00" hostname="agent-env-1a1ee895-379c-4fb0-9807-cdc4112de425"><testcase classname="backend.tests.test_jtzero_api.TestHealthEndpoint" name="test_health_status_ok" time="0.155" /><testcase classname="backend.tests.test_jtzero_api.TestHealthEndpoint" name="test_health_runtime_mode" time="0.111" /><testcase classname="backend.tests.test_jtzero_api.TestHealthEndpoint" name="test_health_build_info" time="0.189" /><testcase classname="backend.tests.test_jtzero_api.TestStateEndpoint" name="test_state_returns_200" time="0.146" /><testcase classname="backend.tests.test_jtzero_api.TestStateEndpoint" name="test_state_flight_mode" time="0.128" /><testcase classname="backend.tests.test_jtzero_api.TestStateEndpoint" name="test_state_attitude" time="0.135" /><testcase classname="backend.tests.test_jtzero_api.TestStateEndpoint" name="test_state_altitude" time="0.109" /><testcase classname="backend.tests.test_jtzero_api.TestStateEndpoint" name="test_state_battery" time="0.109" /><testcase classname="backend.tests.test_jtzero_api.TestStateEndpoint" name="test_state_imu_sensor" time="0.115" /><testcase classname="backend.tests.test_jtzero_api.TestStateEndpoint" name="test_state_gps_sensor" time="0.126" /><testcase classname="backend.tests.test_jtzero_api.TestStateEndpoint" name="test_state_barometer" time="0.119" /><testcase classname="backend.tests.test_jtzero_api.TestTelemetryEndpoint" name="test_telemetry_returns_200" time="0.127" /><testcase classname="backend.tests.test_jtzero_api.TestTelemetryEndpoint" name="test_telemetry_state" time="0.118" /><testcase classname="backend.tests.test_jtzero_api.TestTelemetryEndpoint" name="test_telemetry_threads" time="0.123" /><testcase classname="backend.tests.test_jtzero_api.TestTelemetryEndpoint" name="test_telemetry_engines" time="0.250" /><testcase classname="backend.tests.test_jtzero_api.TestEventsEndpoint" name="test_events_returns_200" time="0.122" /><testcase classname="backend.tests.test_jtzero_api.TestEventsEndpoint" name="test_events_returns_array" time="0.133" /><testcase classname="backend.tests.test_jtzero_api.TestEventsEndpoint" name="test_events_structure" time="0.149" /><testcase classname="backend.tests.test_jtzero_api.TestEventsEndpoint" name="test_events_count_param" time="0.110" /><testcase classname="backend.tests.test_jtzero_api.TestCameraEndpoint" name="test_camera_returns_200" time="0.128" /><testcase classname="backend.tests.test_jtzero_api.TestCameraEndpoint" name="test_camera_basic_stats" time="0.105" /><testcase classname="backend.tests.test_jtzero_api.TestCameraEndpoint" name="test_camera_visual_odometry" time="0.110" /><testcase classname="backend.tests.test_jtzero_api.TestCameraEndpoint" name="test_camera_vo_displacement_nonzero" time="0.627" /><testcase classname="backend.tests.test_jtzero_api.TestThreadCount" name="test_all_8_threads_running" time="0.132" /><testcase classname="backend.tests.test_jtzero_api.TestMavlinkEndpoint" name="test_mavlink_returns_200" time="0.114" /><testcase classname="backend.tests.test_jtzero_api.TestMavlinkEndpoint" name="test_mavlink_state" time="0.122" /><testcase classname="backend.tests.test_jtzero_api.TestMavlinkEndpoint" name="test_mavlink_message_counters" time="0.117" /><testcase classname="backend.tests.test_jtzero_api.TestMavlinkEndpoint" name="test_mavlink_fc_info" time="0.130" /><testcase classname="backend.tests.test_jtzero_api.TestPerformanceEndpoint" name="test_performance_returns_200" time="0.115" /><testcase classname="backend.tests.test_jtzero_api.TestPerformanceEndpoint" name="test_performance_cpu_metrics" time="0.119" /><testcase classname="backend.tests.test_jtzero_api.TestPerformanceEndpoint" name="test_performance_memory_metrics" time="0.112" /><testcase classname="backend.tests.test_jtzero_api.TestPerformanceEndpoint" name="test_performance_latency_metrics" time="0.112" /><testcase classname="backend.tests.test_jtzero_api.TestSimulatorConfigEndpoint" name="test_sim_config_get_returns_200" time="0.124" /><testcase classname="backend.tests.test_jtzero_api.TestSimulatorConfigEndpoint" name="test_sim_config_get_structure" time="0.102" /><testcase classname="backend.tests.test_jtzero_api.TestSimulatorConfigEndpoint" name="test_sim_config_post_updates" time="0.368" /><testcase classname="backend.tests.test_jtzero_api.TestCommandEndpoint" name="test_command_arm" time="0.244" /><testcase classname="backend.tests.test_jtzero_api.TestCommandEndpoint" name="test_command_disarm" time="0.966" /><testcase classname="backend.tests.test_jtzero_api.TestCommandEndpoint" name="test_command_takeoff" time="0.841" /><testcase classname="backend.tests.test_jtzero_api.TestCommandEndpoint" name="test_command_land" time="0.119" /><testcase classname="backend.tests.test_jtzero_api.TestThreadsAndEnginesEndpoints" name="test_threads_returns_200" time="0.105" /><testcase classname="backend.tests.test_jtzero_api.TestThreadsAndEnginesEndpoints" name="test_threads_structure" time="0.104" /><testcase classname="backend.tests.test_jtzero_api.TestThreadsAndEnginesEndpoints" name="test_engines_returns_200" time="0.103" /><testcase classname="backend.tests.test_jtzero_api.TestThreadsAndEnginesEndpoints" name="test_engines_structure" time="0.110" /><testcase classname="backend.tests.test_jtzero_api.TestHardwareEndpoint" name="test_hardware_returns_200" time="0.105" /><testcase classname="backend.tests.test_jtzero_api.TestHardwareEndpoint" name="test_hardware_bus_availability" time="0.123" /><testcase classname="backend.tests.test_jtzero_api.TestHardwareEndpoint" name="test_hardware_sensors_object_structure" time="0.113" /><testcase classname="backend.tests.test_jtzero_api.TestHardwareEndpoint" name="test_hardware_sensor_entry_fields" time="0.106" /><testcase classname="backend.tests.test_jtzero_api.TestHardwareEndpoint" name="test_hardware_auto_detect_ran" time="0.131" /></testsuite></testsuites>