<?xml version="1.0" encoding="utf-8"?><testsuites name="pytest tests"><testsuite name="pytest" errors="0" failures="0" skipped="0" tests="51" time="8.443" timestamp="2026-03-12T18:16:03.634586+00:00" hostname="agent-env-6daf8e2d-9247-48a5-8703-bf29a0744446"><testcase classname="test_jtzero_api.TestHealthEndpoint" name="test_health_status_ok" time="0.350" /><testcase classname="test_jtzero_api.TestHealthEndpoint" name="test_health_runtime_mode" time="0.119" /><testcase classname="test_jtzero_api.TestHealthEndpoint" name="test_health_build_info" time="0.149" /><testcase classname="test_jtzero_api.TestStateEndpoint" name="test_state_returns_200" time="0.171" /><testcase classname="test_jtzero_api.TestStateEndpoint" name="test_state_flight_mode" time="0.181" /><testcase classname="test_jtzero_api.TestStateEndpoint" name="test_state_attitude" time="0.154" /><testcase classname="test_jtzero_api.TestStateEndpoint" name="test_state_altitude" time="0.124" /><testcase classname="test_jtzero_api.TestStateEndpoint" name="test_state_battery" time="0.135" /><testcase classname="test_jtzero_api.TestStateEndpoint" name="test_state_imu_sensor" time="0.127" /><testcase classname="test_jtzero_api.TestStateEndpoint" name="test_state_gps_sensor" time="0.121" /><testcase classname="test_jtzero_api.TestStateEndpoint" name="test_state_barometer" time="0.109" /><testcase classname="test_jtzero_api.TestTelemetryEndpoint" name="test_telemetry_returns_200" time="0.106" /><testcase classname="test_jtzero_api.TestTelemetryEndpoint" name="test_telemetry_state" time="0.120" /><testcase classname="test_jtzero_api.TestTelemetryEndpoint" name="test_telemetry_threads" time="0.240" /><testcase classname="test_jtzero_api.TestTelemetryEndpoint" name="test_telemetry_engines" time="0.112" /><testcase classname="test_jtzero_api.TestEventsEndpoint" name="test_events_returns_200" time="0.112" /><testcase classname="test_jtzero_api.TestEventsEndpoint" name="test_events_returns_array" time="0.130" /><testcase classname="test_jtzero_api.TestEventsEndpoint" name="test_events_structure" time="0.130" /><testcase classname="test_jtzero_api.TestEventsEndpoint" name="test_events_count_param" time="0.180" /><testcase classname="test_jtzero_api.TestCameraEndpoint" name="test_camera_returns_200" time="0.117" /><testcase classname="test_jtzero_api.TestCameraEndpoint" name="test_camera_basic_stats" time="0.125" /><testcase classname="test_jtzero_api.TestCameraEndpoint" name="test_camera_visual_odometry" time="0.136" /><testcase classname="test_jtzero_api.TestCameraEndpoint" name="test_camera_vo_displacement_nonzero" time="0.605" /><testcase classname="test_jtzero_api.TestThreadCount" name="test_all_8_threads_running" time="0.108" /><testcase classname="test_jtzero_api.TestMavlinkEndpoint" name="test_mavlink_returns_200" time="0.131" /><testcase classname="test_jtzero_api.TestMavlinkEndpoint" name="test_mavlink_state" time="0.110" /><testcase classname="test_jtzero_api.TestMavlinkEndpoint" name="test_mavlink_message_counters" time="0.181" /><testcase classname="test_jtzero_api.TestMavlinkEndpoint" name="test_mavlink_fc_info" time="0.135" /><testcase classname="test_jtzero_api.TestPerformanceEndpoint" name="test_performance_returns_200" time="0.111" /><testcase classname="test_jtzero_api.TestPerformanceEndpoint" name="test_performance_cpu_metrics" time="0.102" /><testcase classname="test_jtzero_api.TestPerformanceEndpoint" name="test_performance_memory_metrics" time="0.108" /><testcase classname="test_jtzero_api.TestPerformanceEndpoint" name="test_performance_latency_metrics" time="0.109" /><testcase classname="test_jtzero_api.TestSimulatorConfigEndpoint" name="test_sim_config_get_returns_200" time="0.113" /><testcase classname="test_jtzero_api.TestSimulatorConfigEndpoint" name="test_sim_config_get_structure" time="0.142" /><testcase classname="test_jtzero_api.TestSimulatorConfigEndpoint" name="test_sim_config_post_updates" time="0.449" /><testcase classname="test_jtzero_api.TestCommandEndpoint" name="test_command_arm" time="0.219" /><testcase classname="test_jtzero_api.TestCommandEndpoint" name="test_command_disarm" time="0.125" /><testcase classname="test_jtzero_api.TestCommandEndpoint" name="test_command_takeoff" time="0.736" /><testcase classname="test_jtzero_api.TestCommandEndpoint" name="test_command_land" time="0.112" /><testcase classname="test_jtzero_api.TestThreadsAndEnginesEndpoints" name="test_threads_returns_200" time="0.112" /><testcase classname="test_jtzero_api.TestThreadsAndEnginesEndpoints" name="test_threads_structure" time="0.115" /><testcase classname="test_jtzero_api.TestThreadsAndEnginesEndpoints" name="test_engines_returns_200" time="0.133" /><testcase classname="test_jtzero_api.TestThreadsAndEnginesEndpoints" name="test_engines_structure" time="0.131" /><testcase classname="test_jtzero_api.TestEventDeduplication" name="test_events_have_dedup_count_suffix" time="0.130" /><testcase classname="test_jtzero_api.TestEventDeduplication" name="test_events_imu_update_filtered" time="0.146" /><testcase classname="test_jtzero_api.TestEventDeduplication" name="test_events_sys_heartbeat_filtered" time="0.105" /><testcase classname="test_jtzero_api.TestHardwareEndpoint" name="test_hardware_returns_200" time="0.117" /><testcase classname="test_jtzero_api.TestHardwareEndpoint" name="test_hardware_bus_availability" time="0.112" /><testcase classname="test_jtzero_api.TestHardwareEndpoint" name="test_hardware_sensors_object_structure" time="0.114" /><testcase classname="test_jtzero_api.TestHardwareEndpoint" name="test_hardware_sensor_entry_fields" time="0.137" /><testcase classname="test_jtzero_api.TestHardwareEndpoint" name="test_hardware_auto_detect_ran" time="0.124" /></testsuite></testsuites>